This is pdfTeX, Version 3.14159265-2.6-1.40.19 (MiKTeX 2.9.6840 64-bit) (preloaded format=pdflatex 2018.10.2)  27 AUG 2020 00:19
entering extended mode
**./day8.tex
(day8.tex
LaTeX2e <2018-04-01> patch level 5
("F:\Programme\Programme\MiKTeX 2.9\tex\latex\base\article.cls"
Document Class: article 2014/09/29 v1.4h Standard LaTeX document class
("F:\Programme\Programme\MiKTeX 2.9\tex\latex\base\size10.clo"
File: size10.clo 2014/09/29 v1.4h Standard LaTeX file (size option)
)
\c@part=\count80
\c@section=\count81
\c@subsection=\count82
\c@subsubsection=\count83
\c@paragraph=\count84
\c@subparagraph=\count85
\c@figure=\count86
\c@table=\count87
\abovecaptionskip=\skip41
\belowcaptionskip=\skip42
\bibindent=\dimen102
)
("F:\Programme\Programme\MiKTeX 2.9\tex\latex\base\inputenc.sty"
Package: inputenc 2018/04/06 v1.3b Input encoding file
\inpenc@prehook=\toks14
\inpenc@posthook=\toks15
)
("F:\Programme\Programme\MiKTeX 2.9\tex\latex\xstring\xstring.sty"
("F:\Programme\Programme\MiKTeX 2.9\tex\generic\xstring\xstring.tex"
\integerpart=\count88
\decimalpart=\count89
)
Package: xstring 2019/02/06 v1.83 String manipulations (CT)
)
("F:\Programme\Programme\MiKTeX 2.9\tex\latex\tools\calc.sty"
Package: calc 2017/05/25 v4.3 Infix arithmetic (KKT,FJ)
\calc@Acount=\count90
\calc@Bcount=\count91
\calc@Adimen=\dimen103
\calc@Bdimen=\dimen104
\calc@Askip=\skip43
\calc@Bskip=\skip44
LaTeX Info: Redefining \setlength on input line 80.
LaTeX Info: Redefining \addtolength on input line 81.
\calc@Ccount=\count92
\calc@Cskip=\skip45
)
("F:\Programme\Programme\MiKTeX 2.9\tex\generic\xint\xintexpr.sty"
Package xintexpr Info: \expanded not available, aborting input on input line 52
.
)
("F:\Programme\Programme\MiKTeX 2.9\tex\latex\l3packages\xfp\xfp.sty"
("F:\Programme\Programme\MiKTeX 2.9\tex\latex\l3kernel\expl3.sty"
Package: expl3 2018-09-24 L3 programming layer (loader) 

("F:\Programme\Programme\MiKTeX 2.9\tex\latex\l3kernel\expl3-code.tex"
Package: expl3 2018-09-24 L3 programming layer (code)
\c_max_int=\count93
\l_tmpa_int=\count94
\l_tmpb_int=\count95
\g_tmpa_int=\count96
\g_tmpb_int=\count97
\g__kernel_prg_map_int=\count98
\c_log_iow=\count99
\l_iow_line_count_int=\count100
\l__iow_line_target_int=\count101
\l__iow_one_indent_int=\count102
\l__iow_indent_int=\count103
\c_zero_dim=\dimen105
\c_max_dim=\dimen106
\l_tmpa_dim=\dimen107
\l_tmpb_dim=\dimen108
\g_tmpa_dim=\dimen109
\g_tmpb_dim=\dimen110
\c_zero_skip=\skip46
\c_max_skip=\skip47
\l_tmpa_skip=\skip48
\l_tmpb_skip=\skip49
\g_tmpa_skip=\skip50
\g_tmpb_skip=\skip51
\c_zero_muskip=\muskip10
\c_max_muskip=\muskip11
\l_tmpa_muskip=\muskip12
\l_tmpb_muskip=\muskip13
\g_tmpa_muskip=\muskip14
\g_tmpb_muskip=\muskip15
\l_keys_choice_int=\count104
\l__intarray_loop_int=\count105
\c__intarray_sp_dim=\dimen111
\g__intarray_font_int=\count106
\c__fp_leading_shift_int=\count107
\c__fp_middle_shift_int=\count108
\c__fp_trailing_shift_int=\count109
\c__fp_big_leading_shift_int=\count110
\c__fp_big_middle_shift_int=\count111
\c__fp_big_trailing_shift_int=\count112
\c__fp_Bigg_leading_shift_int=\count113
\c__fp_Bigg_middle_shift_int=\count114
\c__fp_Bigg_trailing_shift_int=\count115
\c__kernel_randint_max_int=\count116
\g__fp_array_int=\count117
\l__fp_array_loop_int=\count118
\l__sort_length_int=\count119
\l__sort_min_int=\count120
\l__sort_top_int=\count121
\l__sort_max_int=\count122
\l__sort_true_max_int=\count123
\l__sort_block_int=\count124
\l__sort_begin_int=\count125
\l__sort_end_int=\count126
\l__sort_A_int=\count127
\l__sort_B_int=\count128
\l__sort_C_int=\count129
\l__tl_analysis_normal_int=\count130
\l__tl_analysis_index_int=\count131
\l__tl_analysis_nesting_int=\count132
\l__tl_analysis_type_int=\count133
\l__regex_internal_a_int=\count134
\l__regex_internal_b_int=\count135
\l__regex_internal_c_int=\count136
\l__regex_balance_int=\count137
\l__regex_group_level_int=\count138
\l__regex_mode_int=\count139
\c__regex_cs_in_class_mode_int=\count140
\c__regex_cs_mode_int=\count141
\l__regex_catcodes_int=\count142
\l__regex_default_catcodes_int=\count143
\c__regex_catcode_D_int=\count144
\c__regex_catcode_S_int=\count145
\c__regex_catcode_L_int=\count146
\c__regex_catcode_O_int=\count147
\c__regex_catcode_A_int=\count148
\c__regex_all_catcodes_int=\count149
\l__regex_show_lines_int=\count150
\l__regex_min_state_int=\count151
\l__regex_max_state_int=\count152
\l__regex_left_state_int=\count153
\l__regex_right_state_int=\count154
\l__regex_capturing_group_int=\count155
\l__regex_min_pos_int=\count156
\l__regex_max_pos_int=\count157
\l__regex_curr_pos_int=\count158
\l__regex_start_pos_int=\count159
\l__regex_success_pos_int=\count160
\l__regex_curr_char_int=\count161
\l__regex_curr_catcode_int=\count162
\l__regex_last_char_int=\count163
\l__regex_case_changed_char_int=\count164
\l__regex_curr_state_int=\count165
\l__regex_step_int=\count166
\l__regex_min_active_int=\count167
\l__regex_max_active_int=\count168
\l__regex_replacement_csnames_int=\count169
\l__regex_match_count_int=\count170
\l__regex_min_submatch_int=\count171
\l__regex_submatch_int=\count172
\l__regex_zeroth_submatch_int=\count173
\g__regex_trace_regex_int=\count174
\c_empty_box=\box26
\l_tmpa_box=\box27
\l_tmpb_box=\box28
\g_tmpa_box=\box29
\g_tmpb_box=\box30
\l__box_top_dim=\dimen112
\l__box_bottom_dim=\dimen113
\l__box_left_dim=\dimen114
\l__box_right_dim=\dimen115
\l__box_top_new_dim=\dimen116
\l__box_bottom_new_dim=\dimen117
\l__box_left_new_dim=\dimen118
\l__box_right_new_dim=\dimen119
\l__box_internal_box=\box31
\l__coffin_internal_box=\box32
\l__coffin_internal_dim=\dimen120
\l__coffin_offset_x_dim=\dimen121
\l__coffin_offset_y_dim=\dimen122
\l__coffin_x_dim=\dimen123
\l__coffin_y_dim=\dimen124
\l__coffin_x_prime_dim=\dimen125
\l__coffin_y_prime_dim=\dimen126
\c_empty_coffin=\box33
\l__coffin_aligned_coffin=\box34
\l__coffin_aligned_internal_coffin=\box35
\l_tmpa_coffin=\box36
\l_tmpb_coffin=\box37
\l__coffin_display_coffin=\box38
\l__coffin_display_coord_coffin=\box39
\l__coffin_display_pole_coffin=\box40
\l__coffin_display_offset_dim=\dimen127
\l__coffin_display_x_dim=\dimen128
\l__coffin_display_y_dim=\dimen129
\g__file_internal_ior=\read1
\l__coffin_bounding_shift_dim=\dimen130
\l__coffin_left_corner_dim=\dimen131
\l__coffin_right_corner_dim=\dimen132
\l__coffin_bottom_corner_dim=\dimen133
\l__coffin_top_corner_dim=\dimen134
\l__coffin_scaled_total_height_dim=\dimen135
\l__coffin_scaled_width_dim=\dimen136
\l__seq_internal_a_int=\count175
\l__seq_internal_b_int=\count176
)
("F:\Programme\Programme\MiKTeX 2.9\tex\latex\l3kernel\l3pdfmode.def"
File: l3pdfmode.def 2018-09-24 v L3 Experimental driver: PDF mode
\l__driver_color_stack_int=\count177
))
("F:\Programme\Programme\MiKTeX 2.9\tex\latex\l3packages\xparse\xparse.sty"
Package: xparse 2018-09-24 L3 Experimental document command parser
\l__xparse_current_arg_int=\count178
\g__xparse_grabber_int=\count179
\l__xparse_m_args_int=\count180
\l__xparse_mandatory_args_int=\count181
\l__xparse_v_nesting_int=\count182
)
Package: xfp 2018-09-24 L3 Floating point unit
.................................................
. LaTeX info: "xparse/define-command"
. 
. Defining command \fpeval with sig. 'm' on line 38.
.................................................
.................................................
. LaTeX info: "xparse/define-command"
. 
. Defining command \inteval with sig. 'm' on line 39.
.................................................
)
("F:\Programme\Programme\MiKTeX 2.9\tex\generic\oberdiek\pdftexcmds.sty"
Package: pdftexcmds 2018/09/10 v0.29 Utility functions of pdfTeX for LuaTeX (HO
)

("F:\Programme\Programme\MiKTeX 2.9\tex\generic\oberdiek\infwarerr.sty"
Package: infwarerr 2016/05/16 v1.4 Providing info/warning/error messages (HO)
)
("F:\Programme\Programme\MiKTeX 2.9\tex\generic\oberdiek\ifluatex.sty"
Package: ifluatex 2016/05/16 v1.4 Provides the ifluatex switch (HO)
Package ifluatex Info: LuaTeX not detected.
)
("F:\Programme\Programme\MiKTeX 2.9\tex\generic\oberdiek\ltxcmds.sty"
Package: ltxcmds 2016/05/16 v1.23 LaTeX kernel commands for general use (HO)
)
("F:\Programme\Programme\MiKTeX 2.9\tex\generic\oberdiek\ifpdf.sty"
Package: ifpdf 2018/09/07 v3.3 Provides the ifpdf switch
)
Package pdftexcmds Info: LuaTeX not detected.
Package pdftexcmds Info: \pdf@primitive is available.
Package pdftexcmds Info: \pdf@ifprimitive is available.
Package pdftexcmds Info: \pdfdraftmode found.
)
("F:\Programme\Programme\MiKTeX 2.9\tex\latex\coolstr\coolstr.sty"
Package: coolstr 2009/09/09 v2.2 COntent Oriented LaTeX Strings

("F:\Programme\Programme\MiKTeX 2.9\tex\latex\base\ifthen.sty"
Package: ifthen 2014/09/29 v1.1c Standard LaTeX ifthen package (DPC)
)
("F:\Programme\Programme\MiKTeX 2.9\tex\latex\amsmath\amsmath.sty"
Package: amsmath 2017/09/02 v2.17a AMS math features
\@mathmargin=\skip52

For additional information on amsmath, use the `?' option.
("F:\Programme\Programme\MiKTeX 2.9\tex\latex\amsmath\amstext.sty"
Package: amstext 2000/06/29 v2.01 AMS text

("F:\Programme\Programme\MiKTeX 2.9\tex\latex\amsmath\amsgen.sty"
File: amsgen.sty 1999/11/30 v2.0 generic functions
\@emptytoks=\toks16
\ex@=\dimen137
))
("F:\Programme\Programme\MiKTeX 2.9\tex\latex\amsmath\amsbsy.sty"
Package: amsbsy 1999/11/29 v1.2d Bold Symbols
\pmbraise@=\dimen138
)
("F:\Programme\Programme\MiKTeX 2.9\tex\latex\amsmath\amsopn.sty"
Package: amsopn 2016/03/08 v2.02 operator names
)
\inf@bad=\count183
LaTeX Info: Redefining \frac on input line 213.
\uproot@=\count184
\leftroot@=\count185
LaTeX Info: Redefining \overline on input line 375.
\classnum@=\count186
\DOTSCASE@=\count187
LaTeX Info: Redefining \ldots on input line 472.
LaTeX Info: Redefining \dots on input line 475.
LaTeX Info: Redefining \cdots on input line 596.
\Mathstrutbox@=\box41
\strutbox@=\box42
\big@size=\dimen139
LaTeX Font Info:    Redeclaring font encoding OML on input line 712.
LaTeX Font Info:    Redeclaring font encoding OMS on input line 713.
\macc@depth=\count188
\c@MaxMatrixCols=\count189
\dotsspace@=\muskip16
\c@parentequation=\count190
\dspbrk@lvl=\count191
\tag@help=\toks17
\row@=\count192
\column@=\count193
\maxfields@=\count194
\andhelp@=\toks18
\eqnshift@=\dimen140
\alignsep@=\dimen141
\tagshift@=\dimen142
\tagwidth@=\dimen143
\totwidth@=\dimen144
\lineht@=\dimen145
\@envbody=\toks19
\multlinegap=\skip53
\multlinetaggap=\skip54
\mathdisplay@stack=\toks20
LaTeX Info: Redefining \[ on input line 2817.
LaTeX Info: Redefining \] on input line 2818.
)
("F:\Programme\Programme\MiKTeX 2.9\tex\latex\amsfonts\amssymb.sty"
Package: amssymb 2013/01/14 v3.01 AMS font symbols

("F:\Programme\Programme\MiKTeX 2.9\tex\latex\amsfonts\amsfonts.sty"
Package: amsfonts 2013/01/14 v3.01 Basic AMSFonts support
\symAMSa=\mathgroup4
\symAMSb=\mathgroup5
LaTeX Font Info:    Overwriting math alphabet `\mathfrak' in version `bold'
(Font)                  U/euf/m/n --> U/euf/b/n on input line 106.
))
\c@COOL@strlen=\count195
\c@COOL@strpointer=\count196
\c@COOL@str@index=\count197
\c@COOL@str@start=\count198
\c@COOL@str@end=\count199
)
("F:\Programme\Programme\MiKTeX 2.9\tex\generic\oberdiek\intcalc.sty"
Package: intcalc 2016/05/16 v1.2 Expandable calculations with integers (HO)
)
("F:\Programme\Programme\MiKTeX 2.9\tex\latex\amsrefs\amsrefs.sty"
Package: amsrefs 2013/03/07 v2.14

("F:\Programme\Programme\MiKTeX 2.9\tex\latex\url\url.sty"
\Urlmuskip=\muskip17
Package: url 2013/09/16  ver 3.4  Verb mode for urls, etc.
)
("F:\Programme\Programme\MiKTeX 2.9\tex\latex\amsrefs\pcatcode.sty"
Package: pcatcode 2002/04/16 v1.04
)
("F:\Programme\Programme\MiKTeX 2.9\tex\latex\amsrefs\ifoption.sty"
Package: ifoption 2002/03/04 v1.02
)
("F:\Programme\Programme\MiKTeX 2.9\tex\latex\amsrefs\rkeyval.sty"
Package: rkeyval 2004/05/05 v1.08
\@temptokenb=\toks21
\rsk@toks=\toks22
)
("F:\Programme\Programme\MiKTeX 2.9\tex\latex\amsrefs\textcmds.sty"
Package: textcmds 2012/08/02 v2.00
)
("F:\Programme\Programme\MiKTeX 2.9\tex\latex\amsrefs\mathscinet.sty"
Package: mathscinet 2002/04/17 v1.05
)
\c@bib=\count266
\@maxlabelwidth=\dimen146
\c@bib@env=\count267
\bib@dbfile=\read2
\alpha@suffix=\count268
\series@index=\count269
)
("F:\Programme\Programme\MiKTeX 2.9\tex\latex\graphics\graphicx.sty"
Package: graphicx 2017/06/01 v1.1a Enhanced LaTeX Graphics (DPC,SPQR)

("F:\Programme\Programme\MiKTeX 2.9\tex\latex\graphics\keyval.sty"
Package: keyval 2014/10/28 v1.15 key=value parser (DPC)
\KV@toks@=\toks23
)
("F:\Programme\Programme\MiKTeX 2.9\tex\latex\graphics\graphics.sty"
Package: graphics 2017/06/25 v1.2c Standard LaTeX Graphics (DPC,SPQR)

("F:\Programme\Programme\MiKTeX 2.9\tex\latex\graphics\trig.sty"
Package: trig 2016/01/03 v1.10 sin cos tan (DPC)
)
("F:\Programme\Programme\MiKTeX 2.9\tex\latex\graphics-cfg\graphics.cfg"
File: graphics.cfg 2016/06/04 v1.11 sample graphics configuration
)
Package graphics Info: Driver file: pdftex.def on input line 99.

("F:\Programme\Programme\MiKTeX 2.9\tex\latex\graphics-def\pdftex.def"
File: pdftex.def 2018/01/08 v1.0l Graphics/color driver for pdftex
))
\Gin@req@height=\dimen147
\Gin@req@width=\dimen148
)
("F:\Programme\Programme\MiKTeX 2.9\tex\latex\hyperref\hyperref.sty"
Package: hyperref 2018/02/06 v6.86b Hypertext links for LaTeX

("F:\Programme\Programme\MiKTeX 2.9\tex\latex\hobsub\hobsub-hyperref.sty"
Package: hobsub-hyperref 2019-11-14
hobsub not currently supported, see hobsub.dtx to extract original code

("F:\Programme\Programme\MiKTeX 2.9\tex\generic\oberdiek\ifvtex.sty"
Package: ifvtex 2016/05/16 v1.6 Detect VTeX and its facilities (HO)
Package ifvtex Info: VTeX not detected.
)
("F:\Programme\Programme\MiKTeX 2.9\tex\generic\oberdiek\kvsetkeys.sty"
Package: kvsetkeys 2016/05/16 v1.17 Key value parser (HO)

("F:\Programme\Programme\MiKTeX 2.9\tex\generic\oberdiek\etexcmds.sty"
Package: etexcmds 2016/05/16 v1.6 Avoid name clashes with e-TeX commands (HO)
Package etexcmds Info: Could not find \expanded.
(etexcmds)             That can mean that you are not using pdfTeX 1.50 or
(etexcmds)             that some package has redefined \expanded.
(etexcmds)             In the latter case, load this package earlier.
))
("F:\Programme\Programme\MiKTeX 2.9\tex\generic\oberdiek\kvdefinekeys.sty"
Package: kvdefinekeys 2016/05/16 v1.4 Define keys (HO)
)
("F:\Programme\Programme\MiKTeX 2.9\tex\generic\oberdiek\pdfescape.sty"
Package: pdfescape 2016/05/16 v1.14 Implements pdfTeX's escape features (HO)
)
("F:\Programme\Programme\MiKTeX 2.9\tex\latex\oberdiek\hycolor.sty"
Package: hycolor 2016/05/16 v1.8 Color options for hyperref/bookmark (HO)

("F:\Programme\Programme\MiKTeX 2.9\tex\latex\oberdiek\xcolor-patch.sty"
Package: xcolor-patch 2016/05/16 xcolor patch

("F:\Programme\Programme\MiKTeX 2.9\tex\latex\oberdiek\hopatch.sty"
Package: hopatch 2016/05/16 v1.3 Wrapper for package hooks (HO)
)))
("F:\Programme\Programme\MiKTeX 2.9\tex\latex\oberdiek\letltxmacro.sty"
Package: letltxmacro 2016/05/16 v1.5 Let assignment for LaTeX macros (HO)
))
("F:\Programme\Programme\MiKTeX 2.9\tex\latex\oberdiek\auxhook.sty"
Package: auxhook 2016/05/16 v1.4 Hooks for auxiliary files (HO)
)
("F:\Programme\Programme\MiKTeX 2.9\tex\generic\ifxetex\ifxetex.sty"
Package: ifxetex 2010/09/12 v0.6 Provides ifxetex conditional
)
("F:\Programme\Programme\MiKTeX 2.9\tex\latex\oberdiek\kvoptions.sty"
Package: kvoptions 2016/05/16 v3.12 Key value format for package options (HO)
)
\@linkdim=\dimen149
\Hy@linkcounter=\count270
\Hy@pagecounter=\count271

("F:\Programme\Programme\MiKTeX 2.9\tex\latex\hyperref\pd1enc.def"
File: pd1enc.def 2018/02/06 v6.86b Hyperref: PDFDocEncoding definition (HO)
Now handling font encoding PD1 ...
... no UTF-8 mapping file for font encoding PD1
)
\Hy@SavedSpaceFactor=\count272

("F:\Programme\Programme\MiKTeX 2.9\tex\latex\00miktex\hyperref.cfg"
File: hyperref.cfg 2002/06/06 v1.2 hyperref configuration of TeXLive
)
Package hyperref Info: Hyper figures OFF on input line 4509.
Package hyperref Info: Link nesting OFF on input line 4514.
Package hyperref Info: Hyper index ON on input line 4517.
Package hyperref Info: Plain pages OFF on input line 4524.
Package hyperref Info: Backreferencing OFF on input line 4529.
Package hyperref Info: Implicit mode ON; LaTeX internals redefined.
Package hyperref Info: Bookmarks ON on input line 4762.
\c@Hy@tempcnt=\count273
LaTeX Info: Redefining \url on input line 5115.
\XeTeXLinkMargin=\dimen150

("F:\Programme\Programme\MiKTeX 2.9\tex\generic\oberdiek\bitset.sty"
Package: bitset 2016/05/16 v1.2 Handle bit-vector datatype (HO)

("F:\Programme\Programme\MiKTeX 2.9\tex\generic\oberdiek\bigintcalc.sty"
Package: bigintcalc 2016/05/16 v1.4 Expandable calculations on big integers (HO
)
))
\Fld@menulength=\count274
\Field@Width=\dimen151
\Fld@charsize=\dimen152
Package hyperref Info: Hyper figures OFF on input line 6369.
Package hyperref Info: Link nesting OFF on input line 6374.
Package hyperref Info: Hyper index ON on input line 6377.
Package hyperref Info: backreferencing OFF on input line 6384.
Package hyperref Info: Link coloring OFF on input line 6389.
Package hyperref Info: Link coloring with OCG OFF on input line 6394.
Package hyperref Info: PDF/A mode OFF on input line 6399.
LaTeX Info: Redefining \ref on input line 6439.
LaTeX Info: Redefining \pageref on input line 6443.

("F:\Programme\Programme\MiKTeX 2.9\tex\generic\oberdiek\atbegshi.sty"
Package: atbegshi 2016/06/09 v1.18 At begin shipout hook (HO)
)
\Hy@abspage=\count275
\c@Item=\count276
\c@Hfootnote=\count277
)
Package hyperref Info: Driver (autodetected): hpdftex.

("F:\Programme\Programme\MiKTeX 2.9\tex\latex\hyperref\hpdftex.def"
File: hpdftex.def 2018/02/06 v6.86b Hyperref driver for pdfTeX

("F:\Programme\Programme\MiKTeX 2.9\tex\latex\oberdiek\atveryend.sty"
Package: atveryend 2016/05/16 v1.9 Hooks at the very end of document (HO)
Package atveryend Info: \enddocument detected (standard20110627).
)
\Fld@listcount=\count278
\c@bookmark@seq@number=\count279

("F:\Programme\Programme\MiKTeX 2.9\tex\latex\oberdiek\rerunfilecheck.sty"
Package: rerunfilecheck 2016/05/16 v1.8 Rerun checks for auxiliary files (HO)

("F:\Programme\Programme\MiKTeX 2.9\tex\generic\oberdiek\uniquecounter.sty"
Package: uniquecounter 2016/05/16 v1.3 Provide unlimited unique counter (HO)
)
Package uniquecounter Info: New unique counter `rerunfilecheck' on input line 2
82.
)
\Hy@SectionHShift=\skip55
)
("F:\Programme\Programme\MiKTeX 2.9\tex\latex\listings\listings.sty"
\lst@mode=\count280
\lst@gtempboxa=\box43
\lst@token=\toks24
\lst@length=\count281
\lst@currlwidth=\dimen153
\lst@column=\count282
\lst@pos=\count283
\lst@lostspace=\dimen154
\lst@width=\dimen155
\lst@newlines=\count284
\lst@lineno=\count285
\lst@maxwidth=\dimen156

("F:\Programme\Programme\MiKTeX 2.9\tex\latex\listings\lstmisc.sty"
File: lstmisc.sty 2018/09/02 1.7 (Carsten Heinz)
\c@lstnumber=\count286
\lst@skipnumbers=\count287
\lst@framebox=\box44
)
("F:\Programme\Programme\MiKTeX 2.9\tex\latex\listings\listings.cfg"
File: listings.cfg 2018/09/02 1.7 listings configuration
))
Package: listings 2018/09/02 1.7 (Carsten Heinz)

("F:\Programme\Programme\MiKTeX 2.9\tex\latex\tcolorbox\tcolorbox.sty"
Package: tcolorbox 2018/07/26 version 4.14 text color boxes

("F:\Programme\Programme\MiKTeX 2.9\tex\latex\pgf\basiclayer\pgf.sty"
("F:\Programme\Programme\MiKTeX 2.9\tex\latex\pgf\utilities\pgfrcs.sty"
("F:\Programme\Programme\MiKTeX 2.9\tex\generic\pgf\utilities\pgfutil-common.te
x"
\pgfutil@everybye=\toks25
\pgfutil@tempdima=\dimen157
\pgfutil@tempdimb=\dimen158

("F:\Programme\Programme\MiKTeX 2.9\tex\generic\pgf\utilities\pgfutil-common-li
sts.tex"))
("F:\Programme\Programme\MiKTeX 2.9\tex\generic\pgf\utilities\pgfutil-latex.def
"
\pgfutil@abb=\box45
 ("F:\Programme\Programme\MiKTeX 2.9\tex\latex\ms\everyshi.sty"
Package: everyshi 2001/05/15 v3.00 EveryShipout Package (MS)
))
("F:\Programme\Programme\MiKTeX 2.9\tex\generic\pgf\utilities\pgfrcs.code.tex"
Package: pgfrcs 2015/08/07 v3.0.1a (rcs-revision 1.31)
))
Package: pgf 2015/08/07 v3.0.1a (rcs-revision 1.15)
 ("F:\Programme\Programme\MiKTeX 2.9\tex\latex\pgf\basiclayer\pgfcore.sty"
("F:\Programme\Programme\MiKTeX 2.9\tex\latex\pgf\systemlayer\pgfsys.sty"
("F:\Programme\Programme\MiKTeX 2.9\tex\generic\pgf\systemlayer\pgfsys.code.tex
"
Package: pgfsys 2014/07/09 v3.0.1a (rcs-revision 1.48)
 ("F:\Programme\Programme\MiKTeX 2.9\tex\generic\pgf\utilities\pgfkeys.code.tex
"
\pgfkeys@pathtoks=\toks26
\pgfkeys@temptoks=\toks27

("F:\Programme\Programme\MiKTeX 2.9\tex\generic\pgf\utilities\pgfkeysfiltered.c
ode.tex"
\pgfkeys@tmptoks=\toks28
))
\pgf@x=\dimen159
\pgf@y=\dimen160
\pgf@xa=\dimen161
\pgf@ya=\dimen162
\pgf@xb=\dimen163
\pgf@yb=\dimen164
\pgf@xc=\dimen165
\pgf@yc=\dimen166
\w@pgf@writea=\write3
\r@pgf@reada=\read3
\c@pgf@counta=\count288
\c@pgf@countb=\count289
\c@pgf@countc=\count290
\c@pgf@countd=\count291
\t@pgf@toka=\toks29
\t@pgf@tokb=\toks30
\t@pgf@tokc=\toks31

("F:\Programme\Programme\MiKTeX 2.9\tex\generic\pgf\systemlayer\pgf.cfg"
File: pgf.cfg 2008/05/14  (rcs-revision 1.7)
)
Driver file for pgf: pgfsys-pdftex.def

("F:\Programme\Programme\MiKTeX 2.9\tex\generic\pgf\systemlayer\pgfsys-pdftex.d
ef"
File: pgfsys-pdftex.def 2014/10/11  (rcs-revision 1.35)

("F:\Programme\Programme\MiKTeX 2.9\tex\generic\pgf\systemlayer\pgfsys-common-p
df.def"
File: pgfsys-common-pdf.def 2013/10/10  (rcs-revision 1.13)
)))
("F:\Programme\Programme\MiKTeX 2.9\tex\generic\pgf\systemlayer\pgfsyssoftpath.
code.tex"
File: pgfsyssoftpath.code.tex 2013/09/09  (rcs-revision 1.9)
\pgfsyssoftpath@smallbuffer@items=\count292
\pgfsyssoftpath@bigbuffer@items=\count293
)
("F:\Programme\Programme\MiKTeX 2.9\tex\generic\pgf\systemlayer\pgfsysprotocol.
code.tex"
File: pgfsysprotocol.code.tex 2006/10/16  (rcs-revision 1.4)
)) ("F:\Programme\Programme\MiKTeX 2.9\tex\latex\xcolor\xcolor.sty"
Package: xcolor 2016/05/11 v2.12 LaTeX color extensions (UK)

("F:\Programme\Programme\MiKTeX 2.9\tex\latex\graphics-cfg\color.cfg"
File: color.cfg 2016/01/02 v1.6 sample color configuration
)
Package xcolor Info: Driver file: pdftex.def on input line 225.
Package xcolor Info: Model `cmy' substituted by `cmy0' on input line 1348.
Package xcolor Info: Model `hsb' substituted by `rgb' on input line 1352.
Package xcolor Info: Model `RGB' extended on input line 1364.
Package xcolor Info: Model `HTML' substituted by `rgb' on input line 1366.
Package xcolor Info: Model `Hsb' substituted by `hsb' on input line 1367.
Package xcolor Info: Model `tHsb' substituted by `hsb' on input line 1368.
Package xcolor Info: Model `HSB' substituted by `hsb' on input line 1369.
Package xcolor Info: Model `Gray' substituted by `gray' on input line 1370.
Package xcolor Info: Model `wave' substituted by `hsb' on input line 1371.
)
("F:\Programme\Programme\MiKTeX 2.9\tex\generic\pgf\basiclayer\pgfcore.code.tex
"
Package: pgfcore 2010/04/11 v3.0.1a (rcs-revision 1.7)
 ("F:\Programme\Programme\MiKTeX 2.9\tex\generic\pgf\math\pgfmath.code.tex"
("F:\Programme\Programme\MiKTeX 2.9\tex\generic\pgf\math\pgfmathcalc.code.tex"
("F:\Programme\Programme\MiKTeX 2.9\tex\generic\pgf\math\pgfmathutil.code.tex")
("F:\Programme\Programme\MiKTeX 2.9\tex\generic\pgf\math\pgfmathparser.code.tex
"
\pgfmath@dimen=\dimen167
\pgfmath@count=\count294
\pgfmath@box=\box46
\pgfmath@toks=\toks32
\pgfmath@stack@operand=\toks33
\pgfmath@stack@operation=\toks34
)
("F:\Programme\Programme\MiKTeX 2.9\tex\generic\pgf\math\pgfmathfunctions.code.
tex"
("F:\Programme\Programme\MiKTeX 2.9\tex\generic\pgf\math\pgfmathfunctions.basic
.code.tex")
("F:\Programme\Programme\MiKTeX 2.9\tex\generic\pgf\math\pgfmathfunctions.trigo
nometric.code.tex")
("F:\Programme\Programme\MiKTeX 2.9\tex\generic\pgf\math\pgfmathfunctions.rando
m.code.tex")
("F:\Programme\Programme\MiKTeX 2.9\tex\generic\pgf\math\pgfmathfunctions.compa
rison.code.tex")
("F:\Programme\Programme\MiKTeX 2.9\tex\generic\pgf\math\pgfmathfunctions.base.
code.tex")
("F:\Programme\Programme\MiKTeX 2.9\tex\generic\pgf\math\pgfmathfunctions.round
.code.tex")
("F:\Programme\Programme\MiKTeX 2.9\tex\generic\pgf\math\pgfmathfunctions.misc.
code.tex")
("F:\Programme\Programme\MiKTeX 2.9\tex\generic\pgf\math\pgfmathfunctions.integ
erarithmetics.code.tex")))
("F:\Programme\Programme\MiKTeX 2.9\tex\generic\pgf\math\pgfmathfloat.code.tex"
\c@pgfmathroundto@lastzeros=\count295
))
("F:\Programme\Programme\MiKTeX 2.9\tex\generic\pgf\basiclayer\pgfcorepoints.co
de.tex"
File: pgfcorepoints.code.tex 2013/10/07  (rcs-revision 1.27)
\pgf@picminx=\dimen168
\pgf@picmaxx=\dimen169
\pgf@picminy=\dimen170
\pgf@picmaxy=\dimen171
\pgf@pathminx=\dimen172
\pgf@pathmaxx=\dimen173
\pgf@pathminy=\dimen174
\pgf@pathmaxy=\dimen175
\pgf@xx=\dimen176
\pgf@xy=\dimen177
\pgf@yx=\dimen178
\pgf@yy=\dimen179
\pgf@zx=\dimen180
\pgf@zy=\dimen181
)
("F:\Programme\Programme\MiKTeX 2.9\tex\generic\pgf\basiclayer\pgfcorepathconst
ruct.code.tex"
File: pgfcorepathconstruct.code.tex 2013/10/07  (rcs-revision 1.29)
\pgf@path@lastx=\dimen182
\pgf@path@lasty=\dimen183
)
("F:\Programme\Programme\MiKTeX 2.9\tex\generic\pgf\basiclayer\pgfcorepathusage
.code.tex"
File: pgfcorepathusage.code.tex 2014/11/02  (rcs-revision 1.24)
\pgf@shorten@end@additional=\dimen184
\pgf@shorten@start@additional=\dimen185
)
("F:\Programme\Programme\MiKTeX 2.9\tex\generic\pgf\basiclayer\pgfcorescopes.co
de.tex"
File: pgfcorescopes.code.tex 2015/05/08  (rcs-revision 1.46)
\pgfpic=\box47
\pgf@hbox=\box48
\pgf@layerbox@main=\box49
\pgf@picture@serial@count=\count296
)
("F:\Programme\Programme\MiKTeX 2.9\tex\generic\pgf\basiclayer\pgfcoregraphicst
ate.code.tex"
File: pgfcoregraphicstate.code.tex 2014/11/02  (rcs-revision 1.12)
\pgflinewidth=\dimen186
)
("F:\Programme\Programme\MiKTeX 2.9\tex\generic\pgf\basiclayer\pgfcoretransform
ations.code.tex"
File: pgfcoretransformations.code.tex 2015/08/07  (rcs-revision 1.20)
\pgf@pt@x=\dimen187
\pgf@pt@y=\dimen188
\pgf@pt@temp=\dimen189
)
("F:\Programme\Programme\MiKTeX 2.9\tex\generic\pgf\basiclayer\pgfcorequick.cod
e.tex"
File: pgfcorequick.code.tex 2008/10/09  (rcs-revision 1.3)
)
("F:\Programme\Programme\MiKTeX 2.9\tex\generic\pgf\basiclayer\pgfcoreobjects.c
ode.tex"
File: pgfcoreobjects.code.tex 2006/10/11  (rcs-revision 1.2)
)
("F:\Programme\Programme\MiKTeX 2.9\tex\generic\pgf\basiclayer\pgfcorepathproce
ssing.code.tex"
File: pgfcorepathprocessing.code.tex 2013/09/09  (rcs-revision 1.9)
)
("F:\Programme\Programme\MiKTeX 2.9\tex\generic\pgf\basiclayer\pgfcorearrows.co
de.tex"
File: pgfcorearrows.code.tex 2015/05/14  (rcs-revision 1.43)
\pgfarrowsep=\dimen190
)
("F:\Programme\Programme\MiKTeX 2.9\tex\generic\pgf\basiclayer\pgfcoreshade.cod
e.tex"
File: pgfcoreshade.code.tex 2013/07/15  (rcs-revision 1.15)
\pgf@max=\dimen191
\pgf@sys@shading@range@num=\count297
)
("F:\Programme\Programme\MiKTeX 2.9\tex\generic\pgf\basiclayer\pgfcoreimage.cod
e.tex"
File: pgfcoreimage.code.tex 2013/07/15  (rcs-revision 1.18)

("F:\Programme\Programme\MiKTeX 2.9\tex\generic\pgf\basiclayer\pgfcoreexternal.
code.tex"
File: pgfcoreexternal.code.tex 2014/07/09  (rcs-revision 1.21)
\pgfexternal@startupbox=\box50
))
("F:\Programme\Programme\MiKTeX 2.9\tex\generic\pgf\basiclayer\pgfcorelayers.co
de.tex"
File: pgfcorelayers.code.tex 2013/07/18  (rcs-revision 1.7)
)
("F:\Programme\Programme\MiKTeX 2.9\tex\generic\pgf\basiclayer\pgfcoretranspare
ncy.code.tex"
File: pgfcoretransparency.code.tex 2013/09/30  (rcs-revision 1.5)
)
("F:\Programme\Programme\MiKTeX 2.9\tex\generic\pgf\basiclayer\pgfcorepatterns.
code.tex"
File: pgfcorepatterns.code.tex 2013/11/07  (rcs-revision 1.5)
)))
("F:\Programme\Programme\MiKTeX 2.9\tex\generic\pgf\modules\pgfmoduleshapes.cod
e.tex"
File: pgfmoduleshapes.code.tex 2014/03/21  (rcs-revision 1.35)
\pgfnodeparttextbox=\box51
)
("F:\Programme\Programme\MiKTeX 2.9\tex\generic\pgf\modules\pgfmoduleplot.code.
tex"
File: pgfmoduleplot.code.tex 2015/08/03  (rcs-revision 1.13)
)
("F:\Programme\Programme\MiKTeX 2.9\tex\latex\pgf\compatibility\pgfcomp-version
-0-65.sty"
Package: pgfcomp-version-0-65 2007/07/03 v3.0.1a (rcs-revision 1.7)
\pgf@nodesepstart=\dimen192
\pgf@nodesepend=\dimen193
)
("F:\Programme\Programme\MiKTeX 2.9\tex\latex\pgf\compatibility\pgfcomp-version
-1-18.sty"
Package: pgfcomp-version-1-18 2007/07/23 v3.0.1a (rcs-revision 1.1)
)) ("F:\Programme\Programme\MiKTeX 2.9\tex\latex\tools\verbatim.sty"
Package: verbatim 2014/10/28 v1.5q LaTeX2e package for verbatim enhancements
\every@verbatim=\toks35
\verbatim@line=\toks36
\verbatim@in@stream=\read4
) ("F:\Programme\Programme\MiKTeX 2.9\tex\latex\environ\environ.sty"
Package: environ 2014/05/04 v0.3 A new way to define environments

("F:\Programme\Programme\MiKTeX 2.9\tex\latex\trimspaces\trimspaces.sty"
Package: trimspaces 2009/09/17 v1.1 Trim spaces around a token list
))
("F:\Programme\Programme\MiKTeX 2.9\tex\latex\etoolbox\etoolbox.sty"
Package: etoolbox 2018/08/19 v2.5f e-TeX tools for LaTeX (JAW)
\etb@tempcnta=\count298
)
\tcb@titlebox=\box52
\tcb@upperbox=\box53
\tcb@lowerbox=\box54
\tcb@phantombox=\box55
\c@tcbbreakpart=\count299
\c@tcblayer=\count300
\tcolorbox@number=\count301
\tcb@temp=\box56
\tcb@temp=\box57
\tcb@temp=\box58
\tcb@temp=\box59
\tcb@out=\write4
\tcb@record@out=\write5

("F:\Programme\Programme\MiKTeX 2.9\tex\latex\tcolorbox\tcbraster.code.tex"
Library (tcolorbox): 'tcbraster.code.tex' version '4.14'
\c@tcbrastercolumn=\count302
\c@tcbrasterrow=\count303
\c@tcbraster=\count304
) ("F:\Programme\Programme\MiKTeX 2.9\tex\latex\tcolorbox\tcbskins.code.tex"
Library (tcolorbox): 'tcbskins.code.tex' version '4.14'
("F:\Programme\Programme\MiKTeX 2.9\tex\latex\pgf\frontendlayer\tikz.sty"
("F:\Programme\Programme\MiKTeX 2.9\tex\latex\pgf\utilities\pgffor.sty"
("F:\Programme\Programme\MiKTeX 2.9\tex\latex\pgf\utilities\pgfkeys.sty"
("F:\Programme\Programme\MiKTeX 2.9\tex\generic\pgf\utilities\pgfkeys.code.tex"
)) ("F:\Programme\Programme\MiKTeX 2.9\tex\latex\pgf\math\pgfmath.sty"
("F:\Programme\Programme\MiKTeX 2.9\tex\generic\pgf\math\pgfmath.code.tex"))
("F:\Programme\Programme\MiKTeX 2.9\tex\generic\pgf\utilities\pgffor.code.tex"
Package: pgffor 2013/12/13 v3.0.1a (rcs-revision 1.25)

("F:\Programme\Programme\MiKTeX 2.9\tex\generic\pgf\math\pgfmath.code.tex")
\pgffor@iter=\dimen194
\pgffor@skip=\dimen195
\pgffor@stack=\toks37
\pgffor@toks=\toks38
))
("F:\Programme\Programme\MiKTeX 2.9\tex\generic\pgf\frontendlayer\tikz\tikz.cod
e.tex"
Package: tikz 2015/08/07 v3.0.1a (rcs-revision 1.151)

("F:\Programme\Programme\MiKTeX 2.9\tex\generic\pgf\libraries\pgflibraryplothan
dlers.code.tex"
File: pgflibraryplothandlers.code.tex 2013/08/31 v3.0.1a (rcs-revision 1.20)
\pgf@plot@mark@count=\count305
\pgfplotmarksize=\dimen196
)
\tikz@lastx=\dimen197
\tikz@lasty=\dimen198
\tikz@lastxsaved=\dimen199
\tikz@lastysaved=\dimen256
\tikzleveldistance=\dimen257
\tikzsiblingdistance=\dimen258
\tikz@figbox=\box60
\tikz@figbox@bg=\box61
\tikz@tempbox=\box62
\tikz@tempbox@bg=\box63
\tikztreelevel=\count306
\tikznumberofchildren=\count307
\tikznumberofcurrentchild=\count308
\tikz@fig@count=\count309

("F:\Programme\Programme\MiKTeX 2.9\tex\generic\pgf\modules\pgfmodulematrix.cod
e.tex"
File: pgfmodulematrix.code.tex 2013/09/17  (rcs-revision 1.8)
\pgfmatrixcurrentrow=\count310
\pgfmatrixcurrentcolumn=\count311
\pgf@matrix@numberofcolumns=\count312
)
\tikz@expandcount=\count313

("F:\Programme\Programme\MiKTeX 2.9\tex\generic\pgf\frontendlayer\tikz\librarie
s\tikzlibrarytopaths.code.tex"
File: tikzlibrarytopaths.code.tex 2008/06/17 v3.0.1a (rcs-revision 1.2)
)))
\tcb@waterbox=\box64

("F:\Programme\Programme\MiKTeX 2.9\tex\latex\tcolorbox\tcbskinsjigsaw.code.tex
"
Library (tcolorbox): 'tcbskinsjigsaw.code.tex' version '4.14'
)) ("F:\Programme\Programme\MiKTeX 2.9\tex\latex\tcolorbox\tcbbreakable.code.te
x"
Library (tcolorbox): 'tcbbreakable.code.tex' version '4.14'
\tcb@testbox=\box65
\tcb@totalupperbox=\box66
\tcb@totallowerbox=\box67
) ("F:\Programme\Programme\MiKTeX 2.9\tex\latex\tcolorbox\tcbhooks.code.tex"
Library (tcolorbox): 'tcbhooks.code.tex' version '4.14'
) ("F:\Programme\Programme\MiKTeX 2.9\tex\latex\tcolorbox\tcbtheorems.code.tex"
Library (tcolorbox): 'tcbtheorems.code.tex' version '4.14'
) ("F:\Programme\Programme\MiKTeX 2.9\tex\latex\tcolorbox\tcbfitting.code.tex"
Library (tcolorbox): 'tcbfitting.code.tex' version '4.14'
\tcbfitdim=\dimen259
\tcb@lowerfitdim=\dimen260
\tcb@upperfitdim=\dimen261
\tcb@cur@hbadness=\count314
) ("F:\Programme\Programme\MiKTeX 2.9\tex\latex\tcolorbox\tcbxparse.code.tex"
Library (tcolorbox): 'tcbxparse.code.tex' version '4.14'
.................................................
. LaTeX info: "xparse/define-command"
. 
. Defining command \tcboxverb with sig. ' O{} v ' on line 128.
.................................................
.................................................
. LaTeX info: "xparse/define-command"
. 
. Defining command \tcbsidebyside with sig. ' +O{} +m +m ' on line 280.
.................................................
)
("F:\Programme\Programme\MiKTeX 2.9\tex\latex\tcolorbox\tcblistingsutf8.code.te
x"
Library (tcolorbox): 'tcblistingsutf8.code.tex' version '4.14'
("F:\Programme\Programme\MiKTeX 2.9\tex\latex\oberdiek\listingsutf8.sty"
Package: listingsutf8 2016/05/16 v1.3 Allow UTF-8 in listings input (HO)

("F:\Programme\Programme\MiKTeX 2.9\tex\generic\oberdiek\stringenc.sty"
Package: stringenc 2016/05/16 v1.11 Convert strings between diff. encodings (HO
)
))
("F:\Programme\Programme\MiKTeX 2.9\tex\latex\tcolorbox\tcblistings.code.tex"
Library (tcolorbox): 'tcblistings.code.tex' version '4.14'

("F:\Programme\Programme\MiKTeX 2.9\tex\latex\tcolorbox\tcblistingscore.code.te
x"
Library (tcolorbox): 'tcblistingscore.code.tex' version '4.14'
("F:\Programme\Programme\MiKTeX 2.9\tex\latex\tcolorbox\tcbprocessing.code.tex"
Library (tcolorbox): 'tcbprocessing.code.tex' version '4.14'
("F:\Programme\Programme\MiKTeX 2.9\tex\latex\tools\shellesc.sty"
Package: shellesc 2016/06/07 v0.02a unified shell escape interface for LaTeX
Package shellesc Info: Restricted shell escape enabled on input line 69.
))
\c@tcblisting=\count315
)))
("F:\Programme\Programme\MiKTeX 2.9\tex\latex\tcolorbox\tcbexternal.code.tex"
Library (tcolorbox): 'tcbexternal.code.tex' version '4.14'
) ("F:\Programme\Programme\MiKTeX 2.9\tex\latex\tcolorbox\tcbmagazine.code.tex"
Library (tcolorbox): 'tcbmagazine.code.tex' version '4.14'
) ("F:\Programme\Programme\MiKTeX 2.9\tex\latex\tcolorbox\tcbvignette.code.tex"
Library (tcolorbox): 'tcbvignette.code.tex' version '4.14'

("F:\Programme\Programme\MiKTeX 2.9\tex\generic\pgf\frontendlayer\tikz\librarie
s\tikzlibraryfadings.code.tex"
File: tikzlibraryfadings.code.tex 2009/11/15 v3.0.1a (rcs-revision 1.2)

("F:\Programme\Programme\MiKTeX 2.9\tex\generic\pgf\libraries\pgflibraryfadings
.code.tex"
File: pgflibraryfadings.code.tex 2008/02/07 v3.0.1a (rcs-revision 1.3)
)))
("F:\Programme\Programme\MiKTeX 2.9\tex\latex\tcolorbox\tcbposter.code.tex"
Library (tcolorbox): 'tcbposter.code.tex' version '4.14'
)) ("F:\Programme\Programme\MiKTeX 2.9\tex\latex\lipsum\lipsum.sty"
Package: lipsum 2014/07/27 v1.3 150 paragraphs of Lorem Ipsum dummy text
\c@lips@count=\count316
)
("F:\Programme\Programme\MiKTeX 2.9\tex\latex\cprotect\cprotect.sty"
Package: cprotect 2011/01/27 v1.0e (Bruno Le Floch)

("F:\Programme\Programme\MiKTeX 2.9\tex\latex\bigfoot\suffix.sty"
Package: suffix 2006/07/15 1.5a Variant command support
)
\CPT@WriteOut=\write6
\c@CPT@WriteCount=\count317
\c@CPT@numB=\count318
\CPT@commandatend@toks=\toks39
)
("F:\Programme\Programme\MiKTeX 2.9\tex\latex\fancyvrb\fancyvrb.sty"
Package: fancyvrb 2020/05/03 v3.6 verbatim text (tvz,hv)
\FV@CodeLineNo=\count319
\FV@InFile=\read5
\FV@TabBox=\box68
\c@FancyVerbLine=\count320
\FV@StepNumber=\count321
\FV@OutFile=\write7
)
.................................................
. LaTeX info: "xparse/define-environment"
. 
. Defining environment 'mycode' with sig. ' !O{} ' on line 68.
.................................................

(input.tex)
\tmpcnta=\count322
 (day8.aux)
\openout1 = `day8.aux'.

LaTeX Font Info:    Checking defaults for OML/cmm/m/it on input line 150.
LaTeX Font Info:    ... okay on input line 150.
LaTeX Font Info:    Checking defaults for T1/cmr/m/n on input line 150.
LaTeX Font Info:    ... okay on input line 150.
LaTeX Font Info:    Checking defaults for OT1/cmr/m/n on input line 150.
LaTeX Font Info:    ... okay on input line 150.
LaTeX Font Info:    Checking defaults for OMS/cmsy/m/n on input line 150.
LaTeX Font Info:    ... okay on input line 150.
LaTeX Font Info:    Checking defaults for OMX/cmex/m/n on input line 150.
LaTeX Font Info:    ... okay on input line 150.
LaTeX Font Info:    Checking defaults for U/cmr/m/n on input line 150.
LaTeX Font Info:    ... okay on input line 150.
LaTeX Font Info:    Checking defaults for PD1/pdf/m/n on input line 150.
LaTeX Font Info:    ... okay on input line 150.

("F:\Programme\Programme\MiKTeX 2.9\tex\context\base\supp-pdf.mkii"
[Loading MPS to PDF converter (version 2006.09.02).]
\scratchcounter=\count323
\scratchdimen=\dimen262
\scratchbox=\box69
\nofMPsegments=\count324
\nofMParguments=\count325
\everyMPshowfont=\toks40
\MPscratchCnt=\count326
\MPscratchDim=\dimen263
\MPnumerator=\count327
\makeMPintoPDFobject=\count328
\everyMPtoPDFconversion=\toks41
) ("F:\Programme\Programme\MiKTeX 2.9\tex\latex\oberdiek\epstopdf-base.sty"
Package: epstopdf-base 2016/05/15 v2.6 Base part for package epstopdf

("F:\Programme\Programme\MiKTeX 2.9\tex\latex\oberdiek\grfext.sty"
Package: grfext 2016/05/16 v1.2 Manage graphics extensions (HO)
)
Package epstopdf-base Info: Redefining graphics rule for `.eps' on input line 4
38.
Package grfext Info: Graphics extension search list:
(grfext)             [.pdf,.png,.jpg,.mps,.jpeg,.jbig2,.jb2,.PDF,.PNG,.JPG,.JPE
G,.JBIG2,.JB2,.eps]
(grfext)             \AppendGraphicsExtensions on input line 456.
)
\AtBeginShipoutBox=\box70
Package hyperref Info: Link coloring OFF on input line 150.

("F:\Programme\Programme\MiKTeX 2.9\tex\latex\hyperref\nameref.sty"
Package: nameref 2016/05/21 v2.44 Cross-referencing by name of section

("F:\Programme\Programme\MiKTeX 2.9\tex\latex\oberdiek\refcount.sty"
Package: refcount 2016/05/16 v3.5 Data extraction from label references (HO)
)
("F:\Programme\Programme\MiKTeX 2.9\tex\generic\oberdiek\gettitlestring.sty"
Package: gettitlestring 2016/05/16 v1.5 Cleanup title references (HO)
)
\c@section@level=\count329
)
LaTeX Info: Redefining \ref on input line 150.
LaTeX Info: Redefining \pageref on input line 150.
LaTeX Info: Redefining \nameref on input line 150.

(day8.out) (day8.out)
\@outlinefile=\write8
\openout8 = `day8.out'.

\c@lstlisting=\count330
 ABD: EveryShipout initializing macros
LaTeX Font Info:    Try loading font information for U+msa on input line 154.

("F:\Programme\Programme\MiKTeX 2.9\tex\latex\amsfonts\umsa.fd"
File: umsa.fd 2013/01/14 v3.01 AMS symbols A
)
LaTeX Font Info:    Try loading font information for U+msb on input line 154.

("F:\Programme\Programme\MiKTeX 2.9\tex\latex\amsfonts\umsb.fd"
File: umsb.fd 2013/01/14 v3.01 AMS symbols B
)

Package hyperref Warning: Token not allowed in a PDF string (PDFDocEncoding):
(hyperref)                \kern 1.66702pt
(hyperref)                removed on input line 162.


Package hyperref Warning: Composite letter `\textdotaccent+E'
(hyperref)                not defined in PD1 encoding,
(hyperref)                removing `\textdotaccent' on input line 162.


Package hyperref Warning: Composite letter `\textdotaccent+x'
(hyperref)                not defined in PD1 encoding,
(hyperref)                removing `\textdotaccent' on input line 162.


Package hyperref Warning: Composite letter `\textdotaccent+p'
(hyperref)                not defined in PD1 encoding,
(hyperref)                removing `\textdotaccent' on input line 162.


Package hyperref Warning: Composite letter `\textdotaccent+e'
(hyperref)                not defined in PD1 encoding,
(hyperref)                removing `\textdotaccent' on input line 162.


Package hyperref Warning: Composite letter `\textdotaccent+r'
(hyperref)                not defined in PD1 encoding,
(hyperref)                removing `\textdotaccent' on input line 162.


Package hyperref Warning: Composite letter `\textdotaccent+e'
(hyperref)                not defined in PD1 encoding,
(hyperref)                removing `\textdotaccent' on input line 162.


Package hyperref Warning: Composite letter `\textdotaccent+n'
(hyperref)                not defined in PD1 encoding,
(hyperref)                removing `\textdotaccent' on input line 162.


Package hyperref Warning: Composite letter `\textdotaccent+c'
(hyperref)                not defined in PD1 encoding,
(hyperref)                removing `\textdotaccent' on input line 162.


Package hyperref Warning: Composite letter `\textdotaccent+e'
(hyperref)                not defined in PD1 encoding,
(hyperref)                removing `\textdotaccent' on input line 162.

LaTeX Font Info:    Try loading font information for OMS+cmtt on input line 165
.
LaTeX Font Info:    No file OMScmtt.fd. on input line 165.

LaTeX Font Warning: Font shape `OMS/cmtt/m/n' undefined
(Font)              using `OMS/cmsy/m/n' instead
(Font)              for symbol `textbackslash' on input line 165.

[1

{C:/Users/Eric/AppData/Local/MiKTeX/2.9/pdftex/config/pdftex.map}]
LaTeX Font Info:    Try loading font information for OMS+cmr on input line 170.


("F:\Programme\Programme\MiKTeX 2.9\tex\latex\base\omscmr.fd"
File: omscmr.fd 2014/09/29 v2.5h Standard LaTeX font definitions
)
LaTeX Font Info:    Font shape `OMS/cmr/m/n' in size <10> not available
(Font)              Font shape `OMS/cmsy/m/n' tried instead on input line 170.


LaTeX Warning: Citation `Gonzalo' on page 2 undefined on input line 172.


LaTeX Warning: Reference `code:1' on page 2 undefined on input line 177.


LaTeX Warning: Reference `fig:diff' on page 2 undefined on input line 177.

("F:\Programme\Programme\MiKTeX 2.9\tex\latex\listings\lstlang1.sty"
File: lstlang1.sty 2018/09/02 1.7 listings language file
)
("F:\Programme\Programme\MiKTeX 2.9\tex\latex\listings\lstlang2.sty"
File: lstlang2.sty 2018/09/02 1.7 listings language file
)
("F:\Programme\Programme\MiKTeX 2.9\tex\latex\listings\lstlang3.sty"
File: lstlang3.sty 2018/09/02 1.7 listings language file
)
("F:\Programme\Programme\MiKTeX 2.9\tex\latex\listings\lstlang1.sty"
File: lstlang1.sty 2018/09/02 1.7 listings language file
)
("F:\Programme\Programme\MiKTeX 2.9\tex\latex\listings\lstlang2.sty"
File: lstlang2.sty 2018/09/02 1.7 listings language file
)
("F:\Programme\Programme\MiKTeX 2.9\tex\latex\listings\lstlang3.sty"
File: lstlang3.sty 2018/09/02 1.7 listings language file
)
("F:\Programme\Programme\MiKTeX 2.9\tex\latex\listings\lstlang1.sty"
File: lstlang1.sty 2018/09/02 1.7 listings language file
)
("F:\Programme\Programme\MiKTeX 2.9\tex\latex\listings\lstlang2.sty"
File: lstlang2.sty 2018/09/02 1.7 listings language file
)
("F:\Programme\Programme\MiKTeX 2.9\tex\latex\listings\lstlang3.sty"
File: lstlang3.sty 2018/09/02 1.7 listings language file
)
("F:\Programme\Programme\MiKTeX 2.9\tex\latex\listings\lstmisc.sty"
File: lstmisc.sty 2018/09/02 1.7 (Carsten Heinz)
)
<diff.jpg, id=63, 953.81343pt x 404.26031pt>
File: diff.jpg Graphic file (type jpg)
<use diff.jpg>
Package pdftex.def Info: diff.jpg  used on input line 192.
(pdftex.def)             Requested size: 552.0021pt x 233.9715pt.
 [2]
[3 <./diff.jpg>]

LaTeX Warning: Citation `shellescape' on page 4 undefined on input line 201.


LaTeX Warning: Reference `fig:typesettingsettings' on page 4 undefined on input
 line 201.

<typesettingsettings.png, id=80, 349.305pt x 234.8775pt>
File: typesettingsettings.png Graphic file (type png)
<use typesettingsettings.png>
Package pdftex.def Info: typesettingsettings.png  used on input line 204.
(pdftex.def)             Requested size: 349.30414pt x 234.87692pt.

Overfull \hbox (4.30414pt too wide) in paragraph at lines 204--205
[][] 
 []

[4

 <./typesettingsettings.png>] (inputfile.tex)
Overfull \hbox (9119.22888pt too wide) in paragraph at lines 1--332
[]\OT1/cmr/m/n/10 1222222220212222122202200221222022220220122222222222220220221
2222222021000022222222222211222222222202222222222222222222222222202202222222222
2222222222022222222220222202120221122222212222122202222222222222022222222222222
2100102222222222222022222222220222222222222222222222222220222222222222222222222
2202222222222222221202122122222221222222200222222222222202202202222222120100022
2222222222202222222222122222222222222222222222222122222222222222222222222122222
2221222222020222202220222222221221022222222222221222222222222202022022222222222
2201222222222222222222222222222222222222222212222222222222222222222222222222222
2222122222022002212222222002222222222222122022122222221210200222222222222122222
2222220222222222222222222222222220220222222222222222212220222222222221222121212
2022212220222212202222222222222212202222222222122221222222222222220222220222202
2222222222022222222222222222122222222222222222222222222222222222222121222222102
2222222222122222222222222220220222212212012122222222222221222022122221222222222
2202222222222222212222222222222222222222212222222222222222212222222222220222202
2122222222222222122222022220220211010222222222222202212202222122222222222022222
2222222220220222222222222222202221222222220202222220202220221022022221222122222
2222222222212202222021122021022222222222220222221222212222222222202222222222222
2222022222222222222221222122222222122122212021221122212212222022002222222222222
2220220222222122020202222222222221222222122021222222222221222122222222221222222
2222222222222222222222222212112221202022102211220222202212222222222222202202212
2220202221220222222222222012202212222222222222222022222222222222222122222222222
2222212222222222222221222022202210221022222222220122222222222222221201222222022
0021022222222222222222220221202222222222212220222222222222222222202222222222022
2222222222220222202020220222122222222222102222222222222122122022220210220122222
2222222200122122222222222222222222222222222222222221222220222222222212220222222
2212222222212022122200020222222222220222222222222202112222120220001122222222222
2002202202212222222222222122202222222222022122222022222222220222122222222022222
2020202211222012022220221122122222222220220200222212012100212222222222200022022
0221202222222222212220222222222212202222202222222222222202222222202222220222122
1022111202202222122222222222222122221122221221210200222222222222002222222212122
2222222220222122222222221222222222222222222202221222222220201222221222222221022
1221212221220222222222212202002222120122012022222222222020222221220222222222222
2022212222222222222122222122222222220222022222222021022222221221022112202202122
2022122222222221220201222202022210102222222222211222122122221222222222222222222
2222222212222222222222222222122212222222222102220222222222202222221212211222222
2222222022022222220210221220222222202220002222212222122222222222122222222222222
0222222221222222222202222222222222202222021212200221222222121221222022222222221
2222222222120220102222222222222122220222222212222222222222221222222222212222222
2022222122222222222222222221222202121220022010222202022112222222222222122021122
2222112112212222222022222022222022221222222222220222222222222221220222221222222
2222022212222222222022022212022122201222222222220220222222222222222102222020121
1222222222212220012202222212022222222222222202222222222022222222122222222221222
0222222222221202120222200220002022220221222122222222220220220222212222002102222
2221222121220221222222222222222212221222222222202212222202222202222122212222222
2020022222120221022121112222122102212222222222222021022220212202011222222202220
0122022022122222222222222222120222222220220222222222220222222220222222222200202
0212122002211202220202202222222222222222222102222021021011022222222222010220220
2222222222222222022212022222222122022222222222122220220022222222221021212121220
0221222222122221122022222222221221212222222112002102222222222210022122122020222
2222222202221222222022222222222212222202222122202222222212222021222122022201022
2122122122202222222222222121122221212220100222222222220122202212212222222222222
1222221222022220212222221222220222222210222222222220212221202221221120022021220
2221222222222002222222222021220222222222221222001221221222212222222222202222212
2220222022222222122222222220221222222222120221212221221222221212022222212222222
2222212222202222222012121001222222022210222022222020222222222221222220222202221
2002222212222222222122202222022212222021222222022221100210222201220222222222102
2122122220221202122122222202222222212212222022222122222122202122211222020222222
0222220222212212222222221211202220222222221010021220222222122222222222221200222
2021221111202222222222211221221221212222202222212222222221022212102222212222212
2222220122220212222121202021222212202212122222102222222222220022221122221212220
2111222222122210222122022120222221222220222020222002220202222222222221222212211
2222022212202122212022201220011210212221221222222222112202212222122022212122222
2222220222222212202122222222222122202122211222222122222022222222221222022220212
1212202120202212022200120222222222022222222210222220222202212021022222222222222
2222222221212222212222222222200221122212112222222222222222122222222022222112021
2220222122212202012022022222222222222122220222220200221101222022202221122202202
2020222220222222222122122012221200222220222221222222202222212120220212022212220
0200111201212221220222222222222212212222020120012212202221222122222220220222222
2222222122212222200222022022222022222022220222222220212022220202121220212201202
0220221122222222222221220211222222212022201221222022201122122122221222222222220
2220202222222212012222202222222222122202222222202112120222122012220121202212222
2222222222220122120022222221211001122222212222222212212202122222022222122202012
2202221212222221222221222202210222222021221202021202210021202022121220222022222
2222012222102222122121222202202220222000221220221222222222222222222221220022212
2122222022222122221221022221202022221202022222112000112102222222202222222222022
0222222222102022122221222122200122222222122222222222220222222122222222220222222
2222202222022002222021212122021202222110211122200222211220222222222222222202222
0221211012122222222221002202202222122222222222022202202221222222122222222222222
2212200222222120211222022222200020112020222221022222222222201220200222212002010
1022222222222212220220220202222222222222222212222122202012222202222222222120212
2222212022020202121222112102112122022212222222222220022020122222211221011222222
2222210122222222221222222222222222021122122220220222220222221222222200221222022
2012210202222001201212211202212222222222222122202202222022020121122112220222222
2212202212122222022222222222122200222120222222022222122222200122122202222121012
1222212020102122021221222022222222222221221022222202021210210222222211122022222
0202222200222212221210221022212122222202222212222122022202022212202212212022021
2202002022222222202222222222222120102221222212210020022222222202202202222222222
1122220222021222112220210222222222221222202201221222122202201222202212021101220
1202221221222222222122212222222021220222202212222221002220221220212222202222202
2212122210222022022222122222222222210022120202020021122121220222222022002122022
2122222222211221220022222222201112201222122021022222022221222220122220222021122
0120202012222202222202222122102212020222112000212122122212200222212211220222222
2222022222012221202210222020122222212202202222222122222012222122202012220212222
2222220222222222212112220222022201222221212220021212122022221022122222222220221
2112222121120110022112222221121222221221212222212222212222222220120202012222212
2222022220220022222202122220102121222122210202212122202202222222222122220002222
2102111000201222122002122122222020222221222222222121022002220210222222222220222
2121102222022202200002202222211210210202202212221222222222202222222222020121122
2020222222222112202222202122222122222222202022211202022222222022222122221210222
1212020220012122222201022222222121221022122222222212221202022222002001200211222
1222210221220220222222210222202221202221020222002220202222212222120122012022202
2220202020222102202102102122012222222222221022221102221200212100121122222202022
2122222121222220022221222221222202021222222221222222222222212210222121220122220
2122200212010211222211222222212222012222002222220221110222022220222110221222221
2222222102221122222112221222021222212122222022222221121022212222221022220221102
0202220022221222222221222220220200122212002101100201222122210022122122122222222
0222122220202221221212012221202122212222122022112021202202211222222122211221201
2122222222222222222122021202220200212022020222222212122202222202122222122221022
2220022122021200222021222221222222121201222020212010222202211022201220020220102
2222212222112222111222122222202012202220221022220222221202222200222222221220221
1202120222102122222222221202022020212122011222121221002011102112222012212222222
2221220200122222002122220200222122222022122022220222221222200222022022222021202
2201212022212222121002202022212021101202222200200121210202210220222212222202212
1122221210210121022222202222102202202202222222200220122202122200212021021122021
2222222202002212212022210012120202221121100021222221202222222222220222222122212
2222020112102222220220222220222222022212222112221220220120222002100222222212222
1201122200222222220122022221222102202212022212212222002221222221122222200202012
0221022122000122022222122212222012211222220122212120221210021212222222202211210
2021202111020212122202222210222202222021222000222122222120222122222111212111220
2012222212202202122222222222022212202220202022122112020222122221221021111212122
2111122212210020211222221222102122200222211221211022222112221210201222022121122
2221222202222201222102222220020121202012202222122212222122012220220202120111212
1221112200012112022111222122012221122120012221222222110120122212111222202212202
1202222112211222020202122222210211220202222222202000201122121211210022202211021
2202221222220120222012222012222122222220122222222102221200212221222220202122211
2221022222001200202120221112021222122221211122222202122010122020222122211002212
0221022021221122222221200222202212111202212022122001022222122022202222002201222
0211221022212212010202022202222022222100222212101120212022102222022202212220021
2222002222122221212221222211101021012222201012222212202022222122220222202100220
2222221221220212221222202020222122021220001120222202022012221211222222122200022
2212212011022020021102212112222200022221221222222122201022022222212020122202212
1222122222022221220221020212020202222220221212110122210222001212021212222022122
2112222102120102201122122100122222222202222221212222222122022022221212202220212
2212222221222210221212211112222122012211220212202221120202202222012222111222221
1220221022112212000012210222220020222100220222000212201212121121020021222222220
2121211122022021212221202201122110020022220222022212222202222222112221122220102
2112221202210220121222102222210122102222221121220212122101212022202222122002201
2202222122022122210202011222211022001222202002222122221222221101201021120002222
2121222002022211202220202222221010212002222200201222202221222222021221202021012
0102212220011202202220122211122201112222022222111022022221000122100220220102220
0212210221222020221022122220200202221121101121222022220220022001102002002102022
2221021012022120222022022211122200222220202202112011210200122222022122212022220
2122220122022212120121022202012102122122212222022112012212222220110212221212200
2012112122012212020222220122220221221201201222101202212202202211212222022222112
2202222022012122022210220021222221222212021000111121022002120202021021022121210
2212120200002222112212101222200222000000201120200111221122221102122210222212211
0101221222020020102222222022222212120011002112021122021210222222212110222121222
0101222221220222022202112120200102012220101122012022221222220202200222210012102
1222202121102222222222221101000221212222211212122110211001212002220120210221222
1122122212220020212201001120222011002221022210121222220221022220021222202220220
1121222220222212220102222021020101022222002120111222102212122222220022201220221
1022222020021222000222220202222122220202122202222112211212122122202002100212122
2222222222202110202102112122020200122000112000122122212211202220222021212221200
2102202210102222220022022122201212221222222221000202112210212212110222222222212
2211210100220222221222020012200212220022210020211122222022212002022202020012101
0001222201112202202200221222212221022210212212222122222022121222022222110101021
1021120020120222020222020020100201022022210222201220222012212102120020112122221
2212220122222022112001222212201222021020202122001002022202222111021221020202122
0202220202112002122220121221222212012220222121102221202212101201102202011112200
0222220210222202211220022112212220210211100212222222202012111201120020110121222
0110202102222202010021202211222102012221222002122120110202222212120222010220202
0121002222002110121220221222022122022222222222121211112222122220002220212002121
2022211200222022220222220220212212211122022121121112220102122120022012222202022
2010201022110221012022110122222222222110200201201212002212212021020222221202212
2210222200212222121220112222220202021201212222201222211202220221122221221122212
2020102220201201201222220222211002202121021000010020212120021111120011202122221
2201222012202101222100121121022222120222021222212220